<?xml version="1.0" encoding="UTF-8"?>
<!-- Generated by org.testng.reporters.JUnitReportReporter -->
<testsuite hostname="akib-Inspiron-15-3567" failures="0" tests="1" name="testcases.CheckHomePageFunctionalities" time="27.979" errors="0" timestamp="2023-08-24T00:36:14 BDT" skipped="0">
  <testcase classname="testcases.CheckHomePageFunctionalities" name="CheckCommonQuestionsDropDowns" time="27.979"/>
</testsuite> <!-- testcases.CheckHomePageFunctionalities -->
