<?xml version="1.0" encoding="UTF-8"?>
<!-- Generated by org.testng.reporters.JUnitReportReporter -->
<testsuite hostname="akib-Inspiron-15-3567" failures="0" tests="1" name="testcases.OrderingEggs" time="12.393" errors="0" timestamp="2023-08-19T18:04:12 BDT" skipped="0">
  <testcase classname="testcases.OrderingEggs" name="ScrollingWebsite" time="12.393"/>
</testsuite> <!-- testcases.OrderingEggs -->
