<?xml version="1.0" encoding="UTF-8"?>
<!-- Generated by org.testng.reporters.JUnitReportReporter -->
<testsuite hostname="akib-Inspiron-15-3567" failures="0" tests="1" name="testcases.TC_002_ScrollingWebsite" time="8.869" errors="0" timestamp="2023-08-10T01:47:01 BDT" skipped="0">
  <testcase classname="testcases.TC_002_ScrollingWebsite" name="ScrollingWebsite" time="8.869"/>
</testsuite> <!-- testcases.TC_002_ScrollingWebsite -->
